<?xml version="1.0" encoding="UTF-8"?>
<!-- Generated by org.testng.reporters.JUnitXMLReporter -->
<testsuite ignored="0" hostname="VRAJV10" failures="0" tests="6" name="Default test" time="0.689" errors="0" timestamp="2022-09-09T09:36:07 EDT">
  <testcase classname="tests.Driver_Quit" name="quit" time="0.575"/>
  <testcase classname="tests.Driver_Quit" name="Test" time="0.002"/>
  <testcase classname="tests.Driver_Quit" name="Test" time="0.0"/>
  <testcase classname="tests.Driver_Quit" name="Test" time="0.001"/>
  <testcase classname="tests.Driver_Quit" name="Test" time="0.001"/>
  <testcase classname="tests.Driver_Quit" name="Test" time="0.001"/>
</testsuite> <!-- Default test -->
