<?xml version="1.0" encoding="UTF-8"?>
<!-- Generated by org.testng.reporters.JUnitXMLReporter -->
<testsuite ignored="0" hostname="VRAJV10" failures="1" tests="1" name="New Business Issue" time="863.477" errors="0" timestamp="2022-09-27T07:10:30 EDT">
  <testcase classname="test.AU_NewBusinessIssue" name="new_business" time="863.348">
    <failure type="java.lang.NullPointerException" message="Cannot invoke &amp;quot;org.apache.poi.ss.usermodel.Cell.getStringCellValue()&amp;quot; because the return value of &amp;quot;org.apache.poi.ss.usermodel.Row.getCell(int)&amp;quot; is null">
      <![CDATA[java.lang.NullPointerException: Cannot invoke "org.apache.poi.ss.usermodel.Cell.getStringCellValue()" because the return value of "org.apache.poi.ss.usermodel.Row.getCell(int)" is null
at vehicle.VehClassificationInfo.VehClassificationInfolist(VehClassificationInfo.java:55)
at vehicle.Vehicle.Vehicles(Vehicle.java:82)
at test.AU_NewBusinessIssue.new_business(AU_NewBusinessIssue.java:70)
at java.base/java.util.ArrayList.forEach(ArrayList.java:1511)
... Removed 27 stack frames]]>
    </failure>
  </testcase> <!-- new_business -->
</testsuite> <!-- New Business Issue -->
